mode: set
social-api\apps\controller\message\message_controller.go:22.50,29.28 5 1
social-api\apps\controller\message\message_controller.go:35.2,35.26 1 1
social-api\apps\controller\message\message_controller.go:41.2,41.13 1 1
social-api\apps\controller\message\message_controller.go:102.2,106.4 2 1
social-api\apps\controller\message\message_controller.go:29.28,33.3 3 1
social-api\apps\controller\message\message_controller.go:35.26,39.3 3 1
social-api\apps\controller\message\message_controller.go:41.13,45.34 3 1
social-api\apps\controller\message\message_controller.go:51.3,51.14 1 1
social-api\apps\controller\message\message_controller.go:45.34,49.4 3 0
social-api\apps\controller\message\message_controller.go:51.14,57.43 5 1
social-api\apps\controller\message\message_controller.go:63.4,71.39 3 1
social-api\apps\controller\message\message_controller.go:75.4,75.30 1 1
social-api\apps\controller\message\message_controller.go:57.43,58.30 1 1
social-api\apps\controller\message\message_controller.go:58.30,60.6 1 1
social-api\apps\controller\message\message_controller.go:71.39,73.5 1 1
social-api\apps\controller\message\message_controller.go:75.30,81.62 6 1
social-api\apps\controller\message\message_controller.go:87.5,87.16 1 1
social-api\apps\controller\message\message_controller.go:81.62,85.6 3 0
social-api\apps\controller\message\message_controller.go:87.16,93.6 2 1
social-api\apps\controller\message\message_controller.go:94.5,98.5 3 1
social-api\apps\controller\message\message_routes.go:13.52,16.2 3 1
social-api\apps\controller\message\message_routes.go:16.2,18.3 1 1
