mode: set
social-api\apps\controller\user\user_controller.go:16.49,23.33 4 1
social-api\apps\controller\user\user_controller.go:27.2,27.32 1 1
social-api\apps\controller\user\user_controller.go:31.2,31.34 1 1
social-api\apps\controller\user\user_controller.go:34.2,36.24 2 1
social-api\apps\controller\user\user_controller.go:44.2,46.4 1 1
social-api\apps\controller\user\user_controller.go:23.33,25.3 1 1
social-api\apps\controller\user\user_controller.go:27.32,29.3 1 1
social-api\apps\controller\user\user_controller.go:31.34,33.3 1 1
social-api\apps\controller\user\user_controller.go:36.24,42.3 3 1
social-api\apps\controller\user\user_controller.go:49.48,52.16 2 1
social-api\apps\controller\user\user_controller.go:61.2,63.47 2 1
social-api\apps\controller\user\user_controller.go:71.2,79.22 8 1
social-api\apps\controller\user\user_controller.go:52.16,59.3 3 1
social-api\apps\controller\user\user_controller.go:63.47,69.3 3 1
social-api\apps\controller\user\user_controller.go:82.50,91.26 8 1
social-api\apps\controller\user\user_controller.go:97.2,97.25 1 1
social-api\apps\controller\user\user_controller.go:103.2,103.13 1 1
social-api\apps\controller\user\user_controller.go:131.2,134.4 2 1
social-api\apps\controller\user\user_controller.go:91.26,95.3 3 1
social-api\apps\controller\user\user_controller.go:97.25,101.3 3 1
social-api\apps\controller\user\user_controller.go:103.13,110.33 3 1
social-api\apps\controller\user\user_controller.go:110.33,111.54 1 1
social-api\apps\controller\user\user_controller.go:120.4,124.10 2 1
social-api\apps\controller\user\user_controller.go:111.54,118.5 3 0
social-api\apps\controller\user\user_controller.go:125.4,128.4 2 1
social-api\apps\controller\user\user_controller.go:137.50,140.16 2 1
social-api\apps\controller\user\user_controller.go:149.2,155.32 3 1
social-api\apps\controller\user\user_controller.go:140.16,147.3 3 1
social-api\apps\controller\user\user_controller.go:155.32,159.3 1 1
social-api\apps\controller\user\user_controller.go:159.3,161.51 2 1
social-api\apps\controller\user\user_controller.go:170.3,173.5 1 1
social-api\apps\controller\user\user_controller.go:161.51,168.4 3 0
social-api\apps\controller\user\user_controller.go:177.50,180.16 2 1
social-api\apps\controller\user\user_controller.go:189.2,195.32 3 1
social-api\apps\controller\user\user_controller.go:180.16,187.3 3 1
social-api\apps\controller\user\user_controller.go:195.32,199.3 1 1
social-api\apps\controller\user\user_controller.go:199.3,200.52 1 1
social-api\apps\controller\user\user_controller.go:209.3,211.5 1 1
social-api\apps\controller\user\user_controller.go:200.52,207.4 3 0
social-api\apps\controller\user\user_routes.go:13.52,16.2 3 1
social-api\apps\controller\user\user_routes.go:16.2,22.3 5 1
